2025-02-22 10:04:26,394 - ERROR - Configuration file not found
2025-02-22 14:55:29,676 - ERROR - Configuration file not found
2025-02-22 15:01:34,292 - INFO - Starting DOJ address monitoring...
2025-02-22 15:01:36,130 - INFO - DOJ Transaction Detected:
Agency: DOJ Seized Assets
Action: Funds Received
Amount: 69370.18109983 BTC ($6,696,858,543.02)
Address: bc1qa5wkgaew2dkv56kfvj49j0av5nml45x9ek9hz6
Time: 2025-02-22 15:01:36 UTC
2025-02-22 15:01:39,753 - INFO - DOJ Transaction Detected:
Agency: FBI Seized Wallets
Action: Funds Sent
Amount: 29679.34007776 BTC ($2,865,184,132.43)
Address: 1F1tAaz5x1HUXrCNLbtMDqcw6o5GNn4xqX
Time: 2025-02-22 15:01:39 UTC
2025-02-22 15:01:40,215 - INFO - DOJ Transaction Detected:
Agency: FBI Seized Wallets
Action: Funds Received
Amount: 29679.66872977 BTC ($2,865,215,859.83)
Address: 1F1tAaz5x1HUXrCNLbtMDqcw6o5GNn4xqX
Time: 2025-02-22 15:01:40 UTC
2025-02-22 15:01:41,357 - INFO - DOJ Transaction Detected:
Agency: FBI Seized Wallets
Action: Funds Sent
Amount: 49825.72380688 BTC ($4,810,075,724.87)
Address: bc1qmxjefnuy06v345v6vhwpwt05dztztmx4g3y7wp
Time: 2025-02-22 15:01:41 UTC
2025-02-22 15:01:42,412 - INFO - DOJ Transaction Detected:
Agency: FBI Seized Wallets
Action: Funds Received
Amount: 49825.72380688 BTC ($4,810,075,724.87)
Address: bc1qmxjefnuy06v345v6vhwpwt05dztztmx4g3y7wp
Time: 2025-02-22 15:01:42 UTC
2025-02-22 15:07:39,833 - INFO - Starting DOJ address monitoring...
