2025-01-09 14:01:15,644 - INFO - Updating DOJ addresses...
2025-01-09 14:01:15,644 - INFO - Tracking Bitcoin transactions over 100 BTC...
2025-01-09 14:01:15,645 - INFO - Waiting for new blocks...
2025-01-09 14:01:18,705 - INFO - Processed 4134 transactions, found 0 whale movements
2025-01-09 14:01:20,918 - INFO - Found 0 new DOJ addresses
2025-01-09 14:01:43,678 - INFO - Updating DOJ addresses...
2025-01-09 14:01:43,678 - INFO - Tracking Bitcoin transactions over 100 BTC...
2025-01-09 14:01:43,678 - INFO - Waiting for new blocks...
2025-01-09 14:01:45,342 - INFO - Found 0 new DOJ addresses
2025-01-09 14:01:47,403 - INFO - Processed 4134 transactions, found 0 whale movements
2025-01-09 14:02:15,670 - INFO - Updating DOJ addresses...
2025-01-09 14:02:15,670 - INFO - Tracking Bitcoin transactions over 100 BTC...
2025-01-09 14:02:15,671 - INFO - Waiting for new blocks...
2025-01-09 14:02:17,454 - INFO - Found 0 new DOJ addresses
2025-01-09 14:02:18,922 - INFO - Processed 4134 transactions, found 0 whale movements
2025-01-09 14:04:28,632 - INFO - Updating DOJ addresses...
2025-01-09 14:04:28,632 - INFO - Tracking Bitcoin transactions over 100 BTC...
2025-01-09 14:04:28,633 - INFO - Waiting for new blocks...
2025-01-09 14:04:31,038 - INFO - Found 0 new DOJ addresses
2025-01-09 14:04:31,432 - INFO - Processed 4234 transactions, found 0 whale movements
2025-01-09 14:20:01,720 - INFO - New Block: 878480 | Hash: 00000000...
2025-01-09 14:20:04,076 - INFO - Processed 3910 transactions, found 0 whale movements
2025-01-09 14:21:05,202 - INFO - New Block: 878482 | Hash: 00000000...
2025-01-09 14:21:07,527 - INFO - Processed 4688 transactions, found 0 whale movements
2025-01-09 14:21:38,115 - INFO - New Block: 878483 | Hash: 00000000...
2025-01-09 14:21:38,677 - ERROR - Error getting block transactions: 'tx'
2025-01-09 14:21:38,687 - INFO - Processed 0 transactions, found 0 whale movements
2025-01-09 14:37:57,414 - INFO - New Block: 878484 | Hash: 00000000...
2025-01-09 14:38:01,652 - INFO - Processed 3895 transactions, found 0 whale movements
2025-01-09 15:01:19,601 - INFO - Updating DOJ addresses...
2025-01-09 15:01:33,446 - INFO - Updating DOJ addresses...
2025-01-09 15:05:17,493 - INFO - Updating DOJ addresses...
2025-01-09 15:05:51,773 - INFO - Updating DOJ addresses...
2025-01-09 15:36:40,549 - INFO - Updating DOJ addresses...
2025-01-09 15:36:45,395 - INFO - Updating DOJ addresses...
2025-01-09 16:05:27,495 - INFO - Updating DOJ addresses...
2025-01-09 16:05:27,495 - INFO - Tracking Bitcoin transactions over 100 BTC...
2025-01-09 16:05:27,496 - INFO - Waiting for new blocks...
2025-01-09 16:05:30,608 - INFO - Found 0 new DOJ addresses
2025-01-09 16:05:31,695 - INFO - Processed 4571 transactions, found 6 whale movements
2025-01-09 16:05:31,695 - INFO - Processed 4571 transactions, found 6 whale movements
2025-01-09 16:06:02,231 - INFO - Processed 4571 transactions, found 6 whale movements
2025-01-09 16:06:32,937 - INFO - Processed 4571 transactions, found 6 whale movements
2025-01-09 16:07:03,637 - INFO - Processed 4571 transactions, found 6 whale movements
